{
  "stats": {
    "suites": 1,
    "tests": 1,
    "passes": 1,
    "pending": 0,
    "failures": 0,
    "start": "2023-07-07T22:10:57.722Z",
    "end": "2023-07-07T22:11:09.202Z",
    "duration": 11480,
    "testsRegistered": 1,
    "passPercent": 100,
    "pendingPercent": 0,
    "other": 0,
    "hasOther": false,
    "skipped": 0,
    "hasSkipped": false
  },
  "results": [
    {
      "uuid": "d2589d15-14fd-4464-ae51-fe7050a6572f",
      "title": "",
      "fullFile": "cypress\\e2e\\cadastroTestPatternsPageObjects.cy.js",
      "file": "cypress\\e2e\\cadastroTestPatternsPageObjects.cy.js",
      "beforeHooks": [],
      "afterHooks": [],
      "tests": [],
      "suites": [
        {
          "uuid": "f7957948-4ac7-4127-a0e9-66441d9c63fe",
          "title": "Realizar novo cadastro",
          "fullFile": "",
          "file": "",
          "beforeHooks": [],
          "afterHooks": [],
          "tests": [
            {
              "title": "Novo cadastro",
              "fullTitle": "Realizar novo cadastro Novo cadastro",
              "timedOut": null,
              "duration": 11394,
              "state": "passed",
              "speed": "slow",
              "pass": true,
              "fail": false,
              "pending": false,
              "context": null,
              "code": "cadastroPage.cadastro(email, password);\ncy.wait(2000);\n// dashboardPage.minhaPage.should(\"be.visible\")\ncy.get('.woocommerce-MyAccount-navigation').should('be.visible');",
              "err": {},
              "uuid": "9e562f20-96fa-4d02-b0f1-f73248d469be",
              "parentUUID": "f7957948-4ac7-4127-a0e9-66441d9c63fe",
              "isHook": false,
              "skipped": false
            }
          ],
          "suites": [],
          "passes": [
            "9e562f20-96fa-4d02-b0f1-f73248d469be"
          ],
          "failures": [],
          "pending": [],
          "skipped": [],
          "duration": 11394,
          "root": false,
          "rootEmpty": false,
          "_timeout": 2000
        }
      ],
      "passes": [],
      "failures": [],
      "pending": [],
      "skipped": [],
      "duration": 0,
      "root": true,
      "rootEmpty": true,
      "_timeout": 2000
    }
  ],
  "meta": {
    "mocha": {
      "version": "7.0.1"
    },
    "mochawesome": {
      "options": {
        "quiet": false,
        "reportFilename": "mochawesome",
        "saveHtml": false,
        "saveJson": true,
        "consoleReporter": "spec",
        "useInlineDiffs": false,
        "code": true
      },
      "version": "7.1.3"
    },
    "marge": {
      "options": {
        "reportDir": "mochawesome-report",
        "overwrite": false,
        "html": false,
        "json": true
      },
      "version": "6.2.0"
    }
  }
}