{
  "stats": {
    "suites": 3,
    "tests": 1,
    "passes": 1,
    "pending": 0,
    "failures": 0,
    "start": "2023-07-07T22:10:35.862Z",
    "end": "2023-07-07T22:10:48.990Z",
    "duration": 13128,
    "testsRegistered": 1,
    "passPercent": 100,
    "pendingPercent": 0,
    "other": 0,
    "hasOther": false,
    "skipped": 0,
    "hasSkipped": false
  },
  "results": [
    {
      "uuid": "31e2f5dc-89dc-4e4b-8b3f-53efdf4a32fc",
      "title": "",
      "fullFile": "cypress\\e2e\\bddTestPartterns.cy.js",
      "file": "cypress\\e2e\\bddTestPartterns.cy.js",
      "beforeHooks": [],
      "afterHooks": [],
      "tests": [],
      "suites": [
        {
          "uuid": "a5c24742-2800-4eaa-ab23-60d25d1bc8e8",
          "title": "Realizar novo cadastro",
          "fullFile": "",
          "file": "",
          "beforeHooks": [],
          "afterHooks": [],
          "tests": [],
          "suites": [
            {
              "uuid": "1b7a5dfe-11c9-4296-8b74-683d50b88b7a",
              "title": "Given I visit EBAC Store",
              "fullFile": "",
              "file": "",
              "beforeHooks": [],
              "afterHooks": [],
              "tests": [],
              "suites": [
                {
                  "uuid": "89af3577-e633-4b5a-aba1-2485919aa32f",
                  "title": "When I register new email Isabelle.Gislason@gmail.com and pass xJCw4wuAPOJrgKh",
                  "fullFile": "",
                  "file": "",
                  "beforeHooks": [],
                  "afterHooks": [],
                  "tests": [
                    {
                      "title": "Then the user dashboard page should be visible",
                      "fullTitle": "Realizar novo cadastro Given I visit EBAC Store When I register new email Isabelle.Gislason@gmail.com and pass xJCw4wuAPOJrgKh Then the user dashboard page should be visible",
                      "timedOut": null,
                      "duration": 13030,
                      "state": "passed",
                      "speed": "slow",
                      "pass": true,
                      "fail": false,
                      "pending": false,
                      "context": null,
                      "code": "cy.get('.woocommerce-MyAccount-navigation').should('be.visible');",
                      "err": {},
                      "uuid": "0c133726-47a8-4c80-96f1-f011f67c7262",
                      "parentUUID": "89af3577-e633-4b5a-aba1-2485919aa32f",
                      "isHook": false,
                      "skipped": false
                    }
                  ],
                  "suites": [],
                  "passes": [
                    "0c133726-47a8-4c80-96f1-f011f67c7262"
                  ],
                  "failures": [],
                  "pending": [],
                  "skipped": [],
                  "duration": 13030,
                  "root": false,
                  "rootEmpty": false,
                  "_timeout": 2000
                }
              ],
              "passes": [],
              "failures": [],
              "pending": [],
              "skipped": [],
              "duration": 0,
              "root": false,
              "rootEmpty": false,
              "_timeout": 2000
            }
          ],
          "passes": [],
          "failures": [],
          "pending": [],
          "skipped": [],
          "duration": 0,
          "root": false,
          "rootEmpty": false,
          "_timeout": 2000
        }
      ],
      "passes": [],
      "failures": [],
      "pending": [],
      "skipped": [],
      "duration": 0,
      "root": true,
      "rootEmpty": true,
      "_timeout": 2000
    }
  ],
  "meta": {
    "mocha": {
      "version": "7.0.1"
    },
    "mochawesome": {
      "options": {
        "quiet": false,
        "reportFilename": "mochawesome",
        "saveHtml": false,
        "saveJson": true,
        "consoleReporter": "spec",
        "useInlineDiffs": false,
        "code": true
      },
      "version": "7.1.3"
    },
    "marge": {
      "options": {
        "reportDir": "mochawesome-report",
        "overwrite": false,
        "html": false,
        "json": true
      },
      "version": "6.2.0"
    }
  }
}