{
  "stats": {
    "suites": 1,
    "tests": 2,
    "passes": 2,
    "pending": 0,
    "failures": 0,
    "start": "2023-07-07T22:11:14.061Z",
    "end": "2023-07-07T22:11:19.236Z",
    "duration": 5175,
    "testsRegistered": 2,
    "passPercent": 100,
    "pendingPercent": 0,
    "other": 0,
    "hasOther": false,
    "skipped": 0,
    "hasSkipped": false
  },
  "results": [
    {
      "uuid": "c7d6ebb8-caf2-4f41-b9d1-43e37f01ac40",
      "title": "",
      "fullFile": "cypress\\e2e\\checkoutTestPatternsAppActions.cy.js",
      "file": "cypress\\e2e\\checkoutTestPatternsAppActions.cy.js",
      "beforeHooks": [],
      "afterHooks": [],
      "tests": [],
      "suites": [
        {
          "uuid": "13827885-a9a3-4a05-af9e-f0135bf78b34",
          "title": "Checkout",
          "fullFile": "",
          "file": "",
          "beforeHooks": [],
          "afterHooks": [],
          "tests": [
            {
              "title": "login",
              "fullTitle": "Checkout login",
              "timedOut": null,
              "duration": 3668,
              "state": "passed",
              "speed": "fast",
              "pass": true,
              "fail": false,
              "pending": false,
              "context": null,
              "code": "cy.login(data.email, data.senha);",
              "err": {},
              "uuid": "d788f42c-96b3-4430-adab-fdf7e9395fe3",
              "parentUUID": "13827885-a9a3-4a05-af9e-f0135bf78b34",
              "isHook": false,
              "skipped": false
            },
            {
              "title": "chekout",
              "fullTitle": "Checkout chekout",
              "timedOut": null,
              "duration": 1466,
              "state": "passed",
              "speed": "fast",
              "pass": true,
              "fail": false,
              "pending": false,
              "context": null,
              "code": "cy.checkout();\n// checkoutDashboard.contaPage.should('be.visible')\ncy.get('.page-title').should('be.visible');",
              "err": {},
              "uuid": "d58071db-7e34-4d9a-a70e-4a7da3f7b1a1",
              "parentUUID": "13827885-a9a3-4a05-af9e-f0135bf78b34",
              "isHook": false,
              "skipped": false
            }
          ],
          "suites": [],
          "passes": [
            "d788f42c-96b3-4430-adab-fdf7e9395fe3",
            "d58071db-7e34-4d9a-a70e-4a7da3f7b1a1"
          ],
          "failures": [],
          "pending": [],
          "skipped": [],
          "duration": 5134,
          "root": false,
          "rootEmpty": false,
          "_timeout": 2000
        }
      ],
      "passes": [],
      "failures": [],
      "pending": [],
      "skipped": [],
      "duration": 0,
      "root": true,
      "rootEmpty": true,
      "_timeout": 2000
    }
  ],
  "meta": {
    "mocha": {
      "version": "7.0.1"
    },
    "mochawesome": {
      "options": {
        "quiet": false,
        "reportFilename": "mochawesome",
        "saveHtml": false,
        "saveJson": true,
        "consoleReporter": "spec",
        "useInlineDiffs": false,
        "code": true
      },
      "version": "7.1.3"
    },
    "marge": {
      "options": {
        "reportDir": "mochawesome-report",
        "overwrite": false,
        "html": false,
        "json": true
      },
      "version": "6.2.0"
    }
  }
}