{
  "stats": {
    "suites": 1,
    "tests": 9,
    "passes": 9,
    "pending": 0,
    "failures": 0,
    "start": "2024-06-02T11:14:55.398Z",
    "end": "2024-06-02T11:15:18.960Z",
    "duration": 23562,
    "testsRegistered": 9,
    "passPercent": 100,
    "pendingPercent": 0,
    "other": 0,
    "hasOther": false,
    "skipped": 0,
    "hasSkipped": false
  },
  "results": [
    {
      "uuid": "11edce63-a8f0-4b8e-a0f9-2f9b5e4a1b6b",
      "title": "",
      "fullFile": "cypress\\e2e\\categoriesTest.cy.js",
      "file": "cypress\\e2e\\categoriesTest.cy.js",
      "beforeHooks": [],
      "afterHooks": [],
      "tests": [],
      "suites": [
        {
          "uuid": "6026b7e6-b608-4c48-b230-4f0c48244c30",
          "title": "Categories",
          "fullFile": "",
          "file": "",
          "beforeHooks": [],
          "afterHooks": [],
          "tests": [
            {
              "title": "Category Validation Celular Motorola",
              "fullTitle": "Categories Category Validation Celular Motorola",
              "timedOut": null,
              "duration": 8464,
              "state": "passed",
              "speed": "medium",
              "pass": true,
              "fail": false,
              "pending": false,
              "context": null,
              "code": "homePage.openSearchProduct();\nhomePage.openCategoriesFilter();\nhomePage.categories({\n  timeout: 10000\n}).should('contain.text', category.name);",
              "err": {},
              "uuid": "597fb35c-e9c9-4768-97f9-9ff41375ae59",
              "parentUUID": "6026b7e6-b608-4c48-b230-4f0c48244c30",
              "isHook": false,
              "skipped": false
            },
            {
              "title": "Category Validation Óculos feminino",
              "fullTitle": "Categories Category Validation Óculos feminino",
              "timedOut": null,
              "duration": 1838,
              "state": "passed",
              "speed": "fast",
              "pass": true,
              "fail": false,
              "pending": false,
              "context": null,
              "code": "homePage.openSearchProduct();\nhomePage.openCategoriesFilter();\nhomePage.categories({\n  timeout: 10000\n}).should('contain.text', category.name);",
              "err": {},
              "uuid": "f3df4847-37fb-4d7d-9efb-b5fa6d6bf412",
              "parentUUID": "6026b7e6-b608-4c48-b230-4f0c48244c30",
              "isHook": false,
              "skipped": false
            },
            {
              "title": "Category Validation acessórios",
              "fullTitle": "Categories Category Validation acessórios",
              "timedOut": null,
              "duration": 1882,
              "state": "passed",
              "speed": "fast",
              "pass": true,
              "fail": false,
              "pending": false,
              "context": null,
              "code": "homePage.openSearchProduct();\nhomePage.openCategoriesFilter();\nhomePage.categories({\n  timeout: 10000\n}).should('contain.text', category.name);",
              "err": {},
              "uuid": "1c540d49-8b6a-4aad-acf7-6d5daf3d2437",
              "parentUUID": "6026b7e6-b608-4c48-b230-4f0c48244c30",
              "isHook": false,
              "skipped": false
            },
            {
              "title": "Category Validation colar",
              "fullTitle": "Categories Category Validation colar",
              "timedOut": null,
              "duration": 1781,
              "state": "passed",
              "speed": "fast",
              "pass": true,
              "fail": false,
              "pending": false,
              "context": null,
              "code": "homePage.openSearchProduct();\nhomePage.openCategoriesFilter();\nhomePage.categories({\n  timeout: 10000\n}).should('contain.text', category.name);",
              "err": {},
              "uuid": "75c8bef7-45c1-4d74-8bca-e2cdc2379627",
              "parentUUID": "6026b7e6-b608-4c48-b230-4f0c48244c30",
              "isHook": false,
              "skipped": false
            },
            {
              "title": "Category Validation oculos infantil",
              "fullTitle": "Categories Category Validation oculos infantil",
              "timedOut": null,
              "duration": 1785,
              "state": "passed",
              "speed": "fast",
              "pass": true,
              "fail": false,
              "pending": false,
              "context": null,
              "code": "homePage.openSearchProduct();\nhomePage.openCategoriesFilter();\nhomePage.categories({\n  timeout: 10000\n}).should('contain.text', category.name);",
              "err": {},
              "uuid": "e4a46fa9-a71f-43b7-b5f0-54c61aa194b1",
              "parentUUID": "6026b7e6-b608-4c48-b230-4f0c48244c30",
              "isHook": false,
              "skipped": false
            },
            {
              "title": "Category Validation Headfones",
              "fullTitle": "Categories Category Validation Headfones",
              "timedOut": null,
              "duration": 1819,
              "state": "passed",
              "speed": "fast",
              "pass": true,
              "fail": false,
              "pending": false,
              "context": null,
              "code": "homePage.openSearchProduct();\nhomePage.openCategoriesFilter();\nhomePage.categories({\n  timeout: 10000\n}).should('contain.text', category.name);",
              "err": {},
              "uuid": "900bd93e-dd94-4a61-a1cd-1e48269a718b",
              "parentUUID": "6026b7e6-b608-4c48-b230-4f0c48244c30",
              "isHook": false,
              "skipped": false
            },
            {
              "title": "Category Validation Books",
              "fullTitle": "Categories Category Validation Books",
              "timedOut": null,
              "duration": 1813,
              "state": "passed",
              "speed": "fast",
              "pass": true,
              "fail": false,
              "pending": false,
              "context": null,
              "code": "homePage.openSearchProduct();\nhomePage.openCategoriesFilter();\nhomePage.categories({\n  timeout: 10000\n}).should('contain.text', category.name);",
              "err": {},
              "uuid": "5c097e99-e23c-4949-8810-46b3f44c2411",
              "parentUUID": "6026b7e6-b608-4c48-b230-4f0c48244c30",
              "isHook": false,
              "skipped": false
            },
            {
              "title": "Category Validation Bags",
              "fullTitle": "Categories Category Validation Bags",
              "timedOut": null,
              "duration": 1979,
              "state": "passed",
              "speed": "fast",
              "pass": true,
              "fail": false,
              "pending": false,
              "context": null,
              "code": "homePage.openSearchProduct();\nhomePage.openCategoriesFilter();\nhomePage.categories({\n  timeout: 10000\n}).should('contain.text', category.name);",
              "err": {},
              "uuid": "c31b80b6-8f11-409c-b0c1-a7d76f9e6463",
              "parentUUID": "6026b7e6-b608-4c48-b230-4f0c48244c30",
              "isHook": false,
              "skipped": false
            },
            {
              "title": "Category Validation Clothes",
              "fullTitle": "Categories Category Validation Clothes",
              "timedOut": null,
              "duration": 1859,
              "state": "passed",
              "speed": "fast",
              "pass": true,
              "fail": false,
              "pending": false,
              "context": null,
              "code": "homePage.openSearchProduct();\nhomePage.openCategoriesFilter();\nhomePage.categories({\n  timeout: 10000\n}).should('contain.text', category.name);",
              "err": {},
              "uuid": "8e686cf9-159d-4159-a000-ae1096ffef9e",
              "parentUUID": "6026b7e6-b608-4c48-b230-4f0c48244c30",
              "isHook": false,
              "skipped": false
            }
          ],
          "suites": [],
          "passes": [
            "597fb35c-e9c9-4768-97f9-9ff41375ae59",
            "f3df4847-37fb-4d7d-9efb-b5fa6d6bf412",
            "1c540d49-8b6a-4aad-acf7-6d5daf3d2437",
            "75c8bef7-45c1-4d74-8bca-e2cdc2379627",
            "e4a46fa9-a71f-43b7-b5f0-54c61aa194b1",
            "900bd93e-dd94-4a61-a1cd-1e48269a718b",
            "5c097e99-e23c-4949-8810-46b3f44c2411",
            "c31b80b6-8f11-409c-b0c1-a7d76f9e6463",
            "8e686cf9-159d-4159-a000-ae1096ffef9e"
          ],
          "failures": [],
          "pending": [],
          "skipped": [],
          "duration": 23220,
          "root": false,
          "rootEmpty": false,
          "_timeout": 2000
        }
      ],
      "passes": [],
      "failures": [],
      "pending": [],
      "skipped": [],
      "duration": 0,
      "root": true,
      "rootEmpty": true,
      "_timeout": 2000
    }
  ],
  "meta": {
    "mocha": {
      "version": "7.0.1"
    },
    "mochawesome": {
      "options": {
        "quiet": false,
        "reportFilename": "[name]-result",
        "saveHtml": false,
        "saveJson": true,
        "consoleReporter": "spec",
        "useInlineDiffs": false,
        "code": true
      },
      "version": "7.1.3"
    },
    "marge": {
      "options": {
        "reportFilename": "[name]-result",
        "html": false
      },
      "version": "6.2.0"
    }
  }
}