{
  "stats": {
    "suites": 1,
    "tests": 1,
    "passes": 1,
    "pending": 0,
    "failures": 0,
    "start": "2024-06-02T11:15:20.534Z",
    "end": "2024-06-02T11:15:27.039Z",
    "duration": 6505,
    "testsRegistered": 1,
    "passPercent": 100,
    "pendingPercent": 0,
    "other": 0,
    "hasOther": false,
    "skipped": 0,
    "hasSkipped": false
  },
  "results": [
    {
      "uuid": "b9cd0377-bfea-4a4a-83e7-c9b9cf333f2f",
      "title": "",
      "fullFile": "cypress\\e2e\\searchListTest.cy.js",
      "file": "cypress\\e2e\\searchListTest.cy.js",
      "beforeHooks": [],
      "afterHooks": [],
      "tests": [],
      "suites": [
        {
          "uuid": "10332905-cd35-47e0-9bd0-2b759821709e",
          "title": "Categories",
          "fullFile": "",
          "file": "",
          "beforeHooks": [],
          "afterHooks": [],
          "tests": [
            {
              "title": "Must Research Products and Have a Value Listed",
              "fullTitle": "Categories Must Research Products and Have a Value Listed",
              "timedOut": null,
              "duration": 6403,
              "state": "passed",
              "speed": "medium",
              "pass": true,
              "fail": false,
              "pending": false,
              "context": null,
              "code": "homePage.openSearchProduct();\nhomePage.searchProduct('in');\nhomePage.products().should('have.length.greaterThan', 0);\nhomePage.products().each(product => {\n  let price = product.find('[data-testid=\"price\"]').text();\n  expect(price).to.contain('R$');\n});",
              "err": {},
              "uuid": "8b5ee188-d65b-40b7-b2f6-dcd7bd0b0726",
              "parentUUID": "10332905-cd35-47e0-9bd0-2b759821709e",
              "isHook": false,
              "skipped": false
            }
          ],
          "suites": [],
          "passes": [
            "8b5ee188-d65b-40b7-b2f6-dcd7bd0b0726"
          ],
          "failures": [],
          "pending": [],
          "skipped": [],
          "duration": 6403,
          "root": false,
          "rootEmpty": false,
          "_timeout": 2000
        }
      ],
      "passes": [],
      "failures": [],
      "pending": [],
      "skipped": [],
      "duration": 0,
      "root": true,
      "rootEmpty": true,
      "_timeout": 2000
    }
  ],
  "meta": {
    "mocha": {
      "version": "7.0.1"
    },
    "mochawesome": {
      "options": {
        "quiet": false,
        "reportFilename": "[name]-result",
        "saveHtml": false,
        "saveJson": true,
        "consoleReporter": "spec",
        "useInlineDiffs": false,
        "code": true
      },
      "version": "7.1.3"
    },
    "marge": {
      "options": {
        "reportFilename": "[name]-result",
        "html": false
      },
      "version": "6.2.0"
    }
  }
}