{
  "stats": {
    "suites": 1,
    "tests": 1,
    "passes": 0,
    "pending": 0,
    "failures": 1,
    "start": "2024-06-01T14:42:25.203Z",
    "end": "2024-06-01T14:42:25.618Z",
    "duration": 415,
    "testsRegistered": 2,
    "passPercent": 0,
    "pendingPercent": 0,
    "other": 0,
    "hasOther": false,
    "skipped": 1,
    "hasSkipped": true
  },
  "results": [
    {
      "uuid": "cb5d35f8-cc24-493f-8a2c-6e73d7aaf9c5",
      "title": "",
      "fullFile": "cypress\\e2e\\envTest.cy.js",
      "file": "cypress\\e2e\\envTest.cy.js",
      "beforeHooks": [],
      "afterHooks": [],
      "tests": [],
      "suites": [
        {
          "uuid": "fa6f4c86-adf8-42f5-8873-965c33616f0f",
          "title": "Environment Variables",
          "fullFile": "",
          "file": "",
          "beforeHooks": [],
          "afterHooks": [],
          "tests": [
            {
              "title": "Default Env",
              "fullTitle": "Environment Variables Default Env",
              "timedOut": null,
              "duration": 346,
              "state": "failed",
              "speed": null,
              "pass": false,
              "fail": true,
              "pending": false,
              "context": null,
              "code": "cy.log(Cypress.env('MY_ENV'));\ncy.log(Cypress.env('ebacStoreVersion'));\ncy.visit(\"/\");",
              "err": {
                "message": "Error: A fixture file could not be found at any of the following paths:\n\n    > cypress\\fixtures\\prd\\data.json}\n    > cypress\\fixtures\\prd\\data.json}.[ext]\n\nCypress looked for these file extensions at the provided path:\n\n    > .json, .js, .coffee, .html, .txt, .csv, .png, .jpg, .jpeg, .gif, .tif, .tiff, .zip\n\nProvide a path to an existing fixture file.\n\nBecause this error occurred during a `before each` hook we are skipping the remaining tests in the current suite: `Environment Variables`",
                "estack": "Error: A fixture file could not be found at any of the following paths:\n\n    > cypress\\fixtures\\prd\\data.json}\n    > cypress\\fixtures\\prd\\data.json}.[ext]\n\nCypress looked for these file extensions at the provided path:\n\n    > .json, .js, .coffee, .html, .txt, .csv, .png, .jpg, .jpeg, .gif, .tif, .tiff, .zip\n\nProvide a path to an existing fixture file.\n\nBecause this error occurred during a `before each` hook we are skipping the remaining tests in the current suite: `Environment Variables`\n    at Object.<anonymous> (<embedded>:4414:121481)\n    at Object.tryCatcher (C:\\Users\\Jessi\\AppData\\Local\\Cypress\\Cache\\13.6.3\\Cypress\\resources\\app\\node_modules\\bluebird\\js\\release\\util.js:16:23)\n    at Promise._settlePromiseFromHandler (C:\\Users\\Jessi\\AppData\\Local\\Cypress\\Cache\\13.6.3\\Cypress\\resources\\app\\node_modules\\bluebird\\js\\release\\promise.js:512:31)\n    at Promise._settlePromise (C:\\Users\\Jessi\\AppData\\Local\\Cypress\\Cache\\13.6.3\\Cypress\\resources\\app\\node_modules\\bluebird\\js\\release\\promise.js:569:18)\n    at Promise._settlePromise0 (C:\\Users\\Jessi\\AppData\\Local\\Cypress\\Cache\\13.6.3\\Cypress\\resources\\app\\node_modules\\bluebird\\js\\release\\promise.js:614:10)\n    at Promise._settlePromises (C:\\Users\\Jessi\\AppData\\Local\\Cypress\\Cache\\13.6.3\\Cypress\\resources\\app\\node_modules\\bluebird\\js\\release\\promise.js:694:18)\n    at Promise._fulfill (C:\\Users\\Jessi\\AppData\\Local\\Cypress\\Cache\\13.6.3\\Cypress\\resources\\app\\node_modules\\bluebird\\js\\release\\promise.js:638:18)\n    at <unknown> (C:\\Users\\Jessi\\AppData\\Local\\Cypress\\Cache\\13.6.3\\Cypress\\resources\\app\\node_modules\\bluebird\\js\\release\\nodeback.js:42:21)\n    at s (<embedded>:1832:64795)\n    at E.<anonymous> (<embedded>:4414:111271)\n    at E.emit (node:events:513:28)\n    at E._finish (<embedded>:4414:112138)\n    at d (<embedded>:4414:111534)\n    at E._processSimple2 (<embedded>:4414:117295)\n    at <unknown> (<embedded>:4414:117148)\n    at E._stat2 (<embedded>:4414:118213)\n    at <unknown> (<embedded>:4414:118060)\n    at s (<embedded>:2882:19687)\n    at s (<embedded>:1832:64795)\n    at r (<embedded>:4511:13485)\n    at FSReqCallback.oncomplete (node:fs:208:21)",
                "diff": null
              },
              "uuid": "ebec928a-fefe-4d30-b026-e3dd8d0b2663",
              "parentUUID": "fa6f4c86-adf8-42f5-8873-965c33616f0f",
              "isHook": false,
              "skipped": false
            },
            {
              "title": "Config Test Env",
              "fullTitle": "Environment Variables Config Test Env",
              "timedOut": null,
              "duration": 0,
              "state": "skipped",
              "speed": null,
              "pass": false,
              "fail": false,
              "pending": false,
              "context": null,
              "code": "cy.log(Cypress.env('MY_ENV'));",
              "err": {},
              "uuid": "91cfd5fc-f3d5-4e5a-a719-5dda4a566dea",
              "parentUUID": "fa6f4c86-adf8-42f5-8873-965c33616f0f",
              "isHook": false,
              "skipped": true
            }
          ],
          "suites": [],
          "passes": [],
          "failures": [
            "ebec928a-fefe-4d30-b026-e3dd8d0b2663"
          ],
          "pending": [],
          "skipped": [
            "91cfd5fc-f3d5-4e5a-a719-5dda4a566dea"
          ],
          "duration": 346,
          "root": false,
          "rootEmpty": false,
          "_timeout": 2000
        }
      ],
      "passes": [],
      "failures": [],
      "pending": [],
      "skipped": [],
      "duration": 0,
      "root": true,
      "rootEmpty": true,
      "_timeout": 2000
    }
  ],
  "meta": {
    "mocha": {
      "version": "7.0.1"
    },
    "mochawesome": {
      "options": {
        "quiet": false,
        "reportFilename": "mochawesome",
        "saveHtml": true,
        "saveJson": true,
        "consoleReporter": "spec",
        "useInlineDiffs": false,
        "code": true
      },
      "version": "7.1.3"
    },
    "marge": {
      "options": {
        "reportDir": "cypress/reports",
        "overwrite": false,
        "html": true,
        "json": true
      },
      "version": "6.2.0"
    }
  }
}