{
  "stats": {
    "suites": 1,
    "tests": 2,
    "passes": 2,
    "pending": 0,
    "failures": 0,
    "start": "2024-06-01T14:42:27.305Z",
    "end": "2024-06-01T14:42:34.530Z",
    "duration": 7225,
    "testsRegistered": 2,
    "passPercent": 100,
    "pendingPercent": 0,
    "other": 0,
    "hasOther": false,
    "skipped": 0,
    "hasSkipped": false
  },
  "results": [
    {
      "uuid": "5ff357ab-c680-4df9-aa22-23f4cc83648e",
      "title": "",
      "fullFile": "cypress\\e2e\\envTeste.cy.js",
      "file": "cypress\\e2e\\envTeste.cy.js",
      "beforeHooks": [],
      "afterHooks": [],
      "tests": [],
      "suites": [
        {
          "uuid": "e1307c80-38fa-41bd-842b-66bc8de128fe",
          "title": "Environment Variables Test",
          "fullFile": "",
          "file": "",
          "beforeHooks": [],
          "afterHooks": [],
          "tests": [
            {
              "title": "Default env",
              "fullTitle": "Environment Variables Test Default env",
              "timedOut": null,
              "duration": 6708,
              "state": "passed",
              "speed": "medium",
              "pass": true,
              "fail": false,
              "pending": false,
              "context": null,
              "code": "cy.log(Cypress.env('MY_ENV'));\ncy.log(Cypress.env('ebacStoreVersion'));\ncy.visit(\"/\");",
              "err": {},
              "uuid": "7b49a905-3cbc-4b01-85b2-8b599538ff90",
              "parentUUID": "e1307c80-38fa-41bd-842b-66bc8de128fe",
              "isHook": false,
              "skipped": false
            },
            {
              "title": "Config test env",
              "fullTitle": "Environment Variables Test Config test env",
              "timedOut": null,
              "duration": 336,
              "state": "passed",
              "speed": "fast",
              "pass": true,
              "fail": false,
              "pending": false,
              "context": null,
              "code": "cy.log(Cypress.env('MY_ENV'));\ncy.log(Cypress.env('ebacStoreVersion'));\ncy.visit(\"/\");",
              "err": {},
              "uuid": "df8d3da8-301d-428b-8925-7a87e20ec622",
              "parentUUID": "e1307c80-38fa-41bd-842b-66bc8de128fe",
              "isHook": false,
              "skipped": false
            }
          ],
          "suites": [],
          "passes": [
            "7b49a905-3cbc-4b01-85b2-8b599538ff90",
            "df8d3da8-301d-428b-8925-7a87e20ec622"
          ],
          "failures": [],
          "pending": [],
          "skipped": [],
          "duration": 7044,
          "root": false,
          "rootEmpty": false,
          "_timeout": 2000
        }
      ],
      "passes": [],
      "failures": [],
      "pending": [],
      "skipped": [],
      "duration": 0,
      "root": true,
      "rootEmpty": true,
      "_timeout": 2000
    }
  ],
  "meta": {
    "mocha": {
      "version": "7.0.1"
    },
    "mochawesome": {
      "options": {
        "quiet": false,
        "reportFilename": "mochawesome",
        "saveHtml": true,
        "saveJson": true,
        "consoleReporter": "spec",
        "useInlineDiffs": false,
        "code": true
      },
      "version": "7.1.3"
    },
    "marge": {
      "options": {
        "reportDir": "cypress/reports",
        "overwrite": false,
        "html": true,
        "json": true
      },
      "version": "6.2.0"
    }
  }
}